#
# There is insufficient memory for the Java Runtime Environment to continue.
# Native memory allocation (malloc) failed to allocate 32744 bytes for ChunkPool::allocate
# Possible reasons:
#   The system is out of physical RAM or swap space
#   In 32 bit mode, the process size limit was hit
# Possible solutions:
#   Reduce memory load on the system
#   Increase physical memory or swap space
#   Check if swap backing store is full
#   Use 64 bit Java on a 64 bit OS
#   Decrease Java heap size (-Xmx/-Xms)
#   Decrease number of Java threads
#   Decrease Java thread stack sizes (-Xss)
#   Set larger code cache with -XX:ReservedCodeCacheSize=
# This output file may be truncated or incomplete.
#
#  Out of Memory Error (allocation.cpp:273), pid=12724, tid=0x0000000000001b70
#
# JRE version: OpenJDK Runtime Environment (8.0_152-b01) (build 1.8.0_152-release-1248-b01)
# Java VM: OpenJDK 64-Bit Server VM (25.152-b01 mixed mode windows-amd64 compressed oops)
# Failed to write core dump. Minidumps are not enabled by default on client versions of Windows
#

---------------  T H R E A D  ---------------

Current thread (0x0000000016404000):  JavaThread "C2 CompilerThread1" daemon [_thread_in_native, id=7024, stack(0x0000000017b60000,0x0000000017c60000)]

Stack: [0x0000000017b60000,0x0000000017c60000]
[error occurred during error reporting (printing stack bounds), id 0xc0000005]

Native frames: (J=compiled Java code, j=interpreted, Vv=VM code, C=native code)


Current CompileTask:
C2:  50723 5042       4       java.io.ObjectOutputStream::writeClassDesc (60 bytes)


---------------  P R O C E S S  ---------------

Java Threads: ( => current thread )
  0x000000001c9d9000 JavaThread "Build operations Thread 4" [_thread_blocked, id=13016, stack(0x00000000206e0000,0x00000000207e0000)]
  0x000000001c9db800 JavaThread "Build operations Thread 3" [_thread_blocked, id=8480, stack(0x00000000205e0000,0x00000000206e0000)]
  0x0000000019493000 JavaThread "Build operations Thread 2" [_thread_blocked, id=11452, stack(0x00000000204e0000,0x00000000205e0000)]
  0x0000000019492000 JavaThread "Build operations" [_thread_blocked, id=16296, stack(0x00000000203e0000,0x00000000204e0000)]
  0x0000000019497800 JavaThread "Cache worker for Artifact transforms cache (C:\Users\juanc\.gradle\caches\transforms-1)" [_thread_blocked, id=11468, stack(0x00000000200e0000,0x00000000201e0000)]
  0x0000000019496800 JavaThread "Cache worker for cache directory md-rule (C:\Users\juanc\.gradle\caches\4.10.1\md-rule)" [_thread_blocked, id=8200, stack(0x000000001ffe0000,0x00000000200e0000)]
  0x0000000019491800 JavaThread "Cache worker for cache directory md-supplier (C:\Users\juanc\.gradle\caches\4.10.1\md-supplier)" [_thread_blocked, id=2644, stack(0x000000001e650000,0x000000001e750000)]
  0x0000000019495000 JavaThread "Cache worker for journal cache (C:\Users\juanc\.gradle\caches\journal-1)" [_thread_blocked, id=15216, stack(0x000000001e550000,0x000000001e650000)]
  0x0000000019498000 JavaThread "Cache worker for file hash cache (C:\Users\juanc\Downloads\IUniversity\.gradle\4.10.1\fileHashes)" [_thread_blocked, id=13340, stack(0x000000001e450000,0x000000001e550000)]
  0x000000001cb6e000 JavaThread "File lock request listener" [_thread_in_native, id=7224, stack(0x000000001e350000,0x000000001e450000)]
  0x000000001baf6000 JavaThread "Cache worker for file hash cache (C:\Users\juanc\.gradle\caches\4.10.1\fileHashes)" [_thread_blocked, id=6284, stack(0x000000001dfd0000,0x000000001e0d0000)]
  0x0000000018630000 JavaThread "Stdin handler" [_thread_blocked, id=12076, stack(0x000000001aad0000,0x000000001abd0000)]
  0x0000000018573000 JavaThread "Asynchronous log dispatcher for DefaultDaemonConnection: socket connection from /127.0.0.1:56230 to /127.0.0.1:56232" [_thread_blocked, id=7092, stack(0x000000001a9d0000,0x000000001aad0000)]
  0x0000000018571800 JavaThread "Daemon worker" [_thread_in_vm, id=12308, stack(0x000000001a8d0000,0x000000001a9d0000)]
  0x0000000018570800 JavaThread "Cancel handler" [_thread_blocked, id=13332, stack(0x000000001a7d0000,0x000000001a8d0000)]
  0x0000000018722800 JavaThread "Handler for socket connection from /127.0.0.1:56230 to /127.0.0.1:56232" [_thread_in_native, id=5268, stack(0x000000001a4d0000,0x000000001a5d0000)]
  0x000000001891b800 JavaThread "Daemon" [_thread_blocked, id=9020, stack(0x000000001a3d0000,0x000000001a4d0000)]
  0x00000000192db800 JavaThread "Daemon periodic checks" [_thread_blocked, id=5496, stack(0x000000001a2d0000,0x000000001a3d0000)]
  0x0000000018364000 JavaThread "Incoming local TCP Connector on port 56230" [_thread_in_native, id=4120, stack(0x000000001a070000,0x000000001a170000)]
  0x0000000016440800 JavaThread "Service Thread" daemon [_thread_blocked, id=8560, stack(0x0000000018160000,0x0000000018260000)]
  0x0000000016409800 JavaThread "C1 CompilerThread2" daemon [_thread_blocked, id=2460, stack(0x0000000017c60000,0x0000000017d60000)]
=>0x0000000016404000 JavaThread "C2 CompilerThread1" daemon [_thread_in_native, id=7024, stack(0x0000000017b60000,0x0000000017c60000)]
  0x00000000163fd000 JavaThread "C2 CompilerThread0" daemon [_thread_blocked, id=14016, stack(0x0000000017a60000,0x0000000017b60000)]
  0x00000000163fb000 JavaThread "Attach Listener" daemon [_thread_blocked, id=12516, stack(0x0000000017960000,0x0000000017a60000)]
  0x00000000163f8000 JavaThread "Signal Dispatcher" daemon [_thread_blocked, id=10188, stack(0x0000000017860000,0x0000000017960000)]
  0x0000000002a8b000 JavaThread "Finalizer" daemon [_thread_blocked, id=5672, stack(0x0000000017650000,0x0000000017750000)]
  0x0000000002a80800 JavaThread "Reference Handler" daemon [_thread_blocked, id=4256, stack(0x0000000017550000,0x0000000017650000)]
  0x00000000027ed800 JavaThread "main" [_thread_blocked, id=7904, stack(0x0000000002890000,0x0000000002990000)]

Other Threads:
  0x00000000163c7800 VMThread [stack: 0x0000000017450000,0x0000000017550000] [id=13968]
  0x0000000017d90800 WatcherThread [stack: 0x0000000018260000,0x0000000018360000] [id=2748]

VM state:not at safepoint (normal execution)

VM Mutex/Monitor currently owned by a thread: None

Heap:
 PSYoungGen      total 80384K, used 41963K [0x00000000e0000000, 0x00000000e6b80000, 0x0000000100000000)
  eden space 67584K, 43% used [0x00000000e0000000,0x00000000e1c7bd10,0x00000000e4200000)
  from space 12800K, 99% used [0x00000000e4200000,0x00000000e4e7f1c0,0x00000000e4e80000)
  to   space 14848K, 0% used [0x00000000e5d00000,0x00000000e5d00000,0x00000000e6b80000)
 ParOldGen       total 105472K, used 17800K [0x00000000a0000000, 0x00000000a6700000, 0x00000000e0000000)
  object space 105472K, 16% used [0x00000000a0000000,0x00000000a11623a0,0x00000000a6700000)
 Metaspace       used 54436K, capacity 55758K, committed 55936K, reserved 1097728K
  class space    used 7389K, capacity 7770K, committed 7808K, reserved 1048576K

Card table byte_map: [0x0000000011e50000,0x0000000012160000] byte_map_base: 0x0000000011950000

Marking Bits: (ParMarkBitMap*) 0x0000000068395aa0
 Begin Bits: [0x0000000012760000, 0x0000000013f60000)
 End Bits:   [0x0000000013f60000, 0x0000000015760000)

Polling page: 0x0000000002720000

CodeCache: size=245760Kb used=16164Kb max_used=16164Kb free=229595Kb
 bounds [0x0000000002a90000, 0x0000000003a70000, 0x0000000011a90000]
 total_blobs=5496 nmethods=4718 adapters=691
 compilation: enabled

Compilation events (10 events):
Event: 50.634 Thread 0x0000000016409800 nmethod 5040 0x0000000003a5e490 code [0x0000000003a5e5e0, 0x0000000003a5e750]
Event: 50.656 Thread 0x0000000016409800 5041       1       org.gradle.internal.ImmutableActionSet$EmptySet::isEmpty (2 bytes)
Event: 50.656 Thread 0x0000000016409800 nmethod 5041 0x0000000003a5e7d0 code [0x0000000003a5e920, 0x0000000003a5ea30]
Event: 50.658 Thread 0x0000000016404000 5042       4       java.io.ObjectOutputStream::writeClassDesc (60 bytes)
Event: 50.658 Thread 0x0000000016409800 5043       3       com.google.common.collect.ImmutableSet::construct (245 bytes)
Event: 50.661 Thread 0x0000000016409800 nmethod 5043 0x0000000003a5ee50 code [0x0000000003a5f240, 0x0000000003a61778]
Event: 50.662 Thread 0x0000000016409800 5044       3       org.gradle.api.internal.DefaultNamedDomainObjectCollection::hasWithName (32 bytes)
Event: 50.662 Thread 0x0000000016409800 nmethod 5044 0x0000000003a633d0 code [0x0000000003a63560, 0x0000000003a638f8]
Event: 50.662 Thread 0x0000000016409800 5045       3       org.gradle.api.internal.project.DefaultProject::projectPath (9 bytes)
Event: 50.662 Thread 0x0000000016409800 nmethod 5045 0x0000000003a63a10 code [0x0000000003a63b80, 0x0000000003a63d28]

GC Heap History (10 events):
Event: 24.611 GC heap before
{Heap before GC invocations=11 (full 1):
 PSYoungGen      total 56832K, used 23652K [0x00000000e0000000, 0x00000000e4d00000, 0x0000000100000000)
  eden space 46592K, 32% used [0x00000000e0000000,0x00000000e0e9ae58,0x00000000e2d80000)
  from space 10240K, 84% used [0x00000000e2d80000,0x00000000e35fe2a0,0x00000000e3780000)
  to   space 10752K, 0% used [0x00000000e4280000,0x00000000e4280000,0x00000000e4d00000)
 ParOldGen       total 68096K, used 9415K [0x00000000a0000000, 0x00000000a4280000, 0x00000000e0000000)
  object space 68096K, 13% used [0x00000000a0000000,0x00000000a0931dd0,0x00000000a4280000)
 Metaspace       used 34672K, capacity 35230K, committed 35416K, reserved 1079296K
  class space    used 4830K, capacity 5033K, committed 5120K, reserved 1048576K
Event: 24.626 GC heap after
Heap after GC invocations=11 (full 1):
 PSYoungGen      total 67584K, used 8549K [0x00000000e0000000, 0x00000000e4e00000, 0x0000000100000000)
  eden space 56832K, 0% used [0x00000000e0000000,0x00000000e0000000,0x00000000e3780000)
  from space 10752K, 79% used [0x00000000e4280000,0x00000000e4ad96a0,0x00000000e4d00000)
  to   space 11264K, 0% used [0x00000000e3780000,0x00000000e3780000,0x00000000e4280000)
 ParOldGen       total 68096K, used 9423K [0x00000000a0000000, 0x00000000a4280000, 0x00000000e0000000)
  object space 68096K, 13% used [0x00000000a0000000,0x00000000a0933dd0,0x00000000a4280000)
 Metaspace       used 34672K, capacity 35230K, committed 35416K, reserved 1079296K
  class space    used 4830K, capacity 5033K, committed 5120K, reserved 1048576K
}
Event: 24.626 GC heap before
{Heap before GC invocations=12 (full 2):
 PSYoungGen      total 67584K, used 8549K [0x00000000e0000000, 0x00000000e4e00000, 0x0000000100000000)
  eden space 56832K, 0% used [0x00000000e0000000,0x00000000e0000000,0x00000000e3780000)
  from space 10752K, 79% used [0x00000000e4280000,0x00000000e4ad96a0,0x00000000e4d00000)
  to   space 11264K, 0% used [0x00000000e3780000,0x00000000e3780000,0x00000000e4280000)
 ParOldGen       total 68096K, used 9423K [0x00000000a0000000, 0x00000000a4280000, 0x00000000e0000000)
  object space 68096K, 13% used [0x00000000a0000000,0x00000000a0933dd0,0x00000000a4280000)
 Metaspace       used 34672K, capacity 35230K, committed 35416K, reserved 1079296K
  class space    used 4830K, capacity 5033K, committed 5120K, reserved 1048576K
Event: 24.752 GC heap after
Heap after GC invocations=12 (full 2):
 PSYoungGen      total 67584K, used 0K [0x00000000e0000000, 0x00000000e4e00000, 0x0000000100000000)
  eden space 56832K, 0% used [0x00000000e0000000,0x00000000e0000000,0x00000000e3780000)
  from space 10752K, 0% used [0x00000000e4280000,0x00000000e4280000,0x00000000e4d00000)
  to   space 11264K, 0% used [0x00000000e3780000,0x00000000e3780000,0x00000000e4280000)
 ParOldGen       total 105472K, used 15241K [0x00000000a0000000, 0x00000000a6700000, 0x00000000e0000000)
  object space 105472K, 14% used [0x00000000a0000000,0x00000000a0ee27c0,0x00000000a6700000)
 Metaspace       used 34672K, capacity 35230K, committed 35416K, reserved 1079296K
  class space    used 4830K, capacity 5033K, committed 5120K, reserved 1048576K
}
Event: 33.232 GC heap before
{Heap before GC invocations=13 (full 2):
 PSYoungGen      total 67584K, used 56832K [0x00000000e0000000, 0x00000000e4e00000, 0x0000000100000000)
  eden space 56832K, 100% used [0x00000000e0000000,0x00000000e3780000,0x00000000e3780000)
  from space 10752K, 0% used [0x00000000e4280000,0x00000000e4280000,0x00000000e4d00000)
  to   space 11264K, 0% used [0x00000000e3780000,0x00000000e3780000,0x00000000e4280000)
 ParOldGen       total 105472K, used 15241K [0x00000000a0000000, 0x00000000a6700000, 0x00000000e0000000)
  object space 105472K, 14% used [0x00000000a0000000,0x00000000a0ee27c0,0x00000000a6700000)
 Metaspace       used 40579K, capacity 41256K, committed 41728K, reserved 1085440K
  class space    used 5538K, capacity 5776K, committed 5888K, reserved 1048576K
Event: 33.248 GC heap after
Heap after GC invocations=13 (full 2):
 PSYoungGen      total 68096K, used 8473K [0x00000000e0000000, 0x00000000e5980000, 0x0000000100000000)
  eden space 56832K, 0% used [0x00000000e0000000,0x00000000e0000000,0x00000000e3780000)
  from space 11264K, 75% used [0x00000000e3780000,0x00000000e3fc67a8,0x00000000e4280000)
  to   space 11264K, 0% used [0x00000000e4e80000,0x00000000e4e80000,0x00000000e5980000)
 ParOldGen       total 105472K, used 15249K [0x00000000a0000000, 0x00000000a6700000, 0x00000000e0000000)
  object space 105472K, 14% used [0x00000000a0000000,0x00000000a0ee47c0,0x00000000a6700000)
 Metaspace       used 40579K, capacity 41256K, committed 41728K, reserved 1085440K
  class space    used 5538K, capacity 5776K, committed 5888K, reserved 1048576K
}
Event: 38.529 GC heap before
{Heap before GC invocations=14 (full 2):
 PSYoungGen      total 68096K, used 65305K [0x00000000e0000000, 0x00000000e5980000, 0x0000000100000000)
  eden space 56832K, 100% used [0x00000000e0000000,0x00000000e3780000,0x00000000e3780000)
  from space 11264K, 75% used [0x00000000e3780000,0x00000000e3fc67a8,0x00000000e4280000)
  to   space 11264K, 0% used [0x00000000e4e80000,0x00000000e4e80000,0x00000000e5980000)
 ParOldGen       total 105472K, used 15249K [0x00000000a0000000, 0x00000000a6700000, 0x00000000e0000000)
  object space 105472K, 14% used [0x00000000a0000000,0x00000000a0ee47c0,0x00000000a6700000)
 Metaspace       used 44563K, capacity 45384K, committed 45568K, reserved 1089536K
  class space    used 6101K, capacity 6395K, committed 6400K, reserved 1048576K
Event: 38.546 GC heap after
Heap after GC invocations=14 (full 2):
 PSYoungGen      total 78848K, used 11251K [0x00000000e0000000, 0x00000000e5b80000, 0x0000000100000000)
  eden space 67584K, 0% used [0x00000000e0000000,0x00000000e0000000,0x00000000e4200000)
  from space 11264K, 99% used [0x00000000e4e80000,0x00000000e597cf98,0x00000000e5980000)
  to   space 12800K, 0% used [0x00000000e4200000,0x00000000e4200000,0x00000000e4e80000)
 ParOldGen       total 105472K, used 15683K [0x00000000a0000000, 0x00000000a6700000, 0x00000000e0000000)
  object space 105472K, 14% used [0x00000000a0000000,0x00000000a0f50df0,0x00000000a6700000)
 Metaspace       used 44563K, capacity 45384K, committed 45568K, reserved 1089536K
  class space    used 6101K, capacity 6395K, committed 6400K, reserved 1048576K
}
Event: 48.462 GC heap before
{Heap before GC invocations=15 (full 2):
 PSYoungGen      total 78848K, used 78835K [0x00000000e0000000, 0x00000000e5b80000, 0x0000000100000000)
  eden space 67584K, 100% used [0x00000000e0000000,0x00000000e4200000,0x00000000e4200000)
  from space 11264K, 99% used [0x00000000e4e80000,0x00000000e597cf98,0x00000000e5980000)
  to   space 12800K, 0% used [0x00000000e4200000,0x00000000e4200000,0x00000000e4e80000)
 ParOldGen       total 105472K, used 15683K [0x00000000a0000000, 0x00000000a6700000, 0x00000000e0000000)
  object space 105472K, 14% used [0x00000000a0000000,0x00000000a0f50df0,0x00000000a6700000)
 Metaspace       used 51969K, capacity 53190K, committed 53248K, reserved 1095680K
  class space    used 7033K, capacity 7410K, committed 7424K, reserved 1048576K
Event: 48.502 GC heap after
Heap after GC invocations=15 (full 2):
 PSYoungGen      total 80384K, used 12796K [0x00000000e0000000, 0x00000000e6b80000, 0x0000000100000000)
  eden space 67584K, 0% used [0x00000000e0000000,0x00000000e0000000,0x00000000e4200000)
  from space 12800K, 99% used [0x00000000e4200000,0x00000000e4e7f1c0,0x00000000e4e80000)
  to   space 14848K, 0% used [0x00000000e5d00000,0x00000000e5d00000,0x00000000e6b80000)
 ParOldGen       total 105472K, used 17800K [0x00000000a0000000, 0x00000000a6700000, 0x00000000e0000000)
  object space 105472K, 16% used [0x00000000a0000000,0x00000000a11623a0,0x00000000a6700000)
 Metaspace       used 51969K, capacity 53190K, committed 53248K, reserved 1095680K
  class space    used 7033K, capacity 7410K, committed 7424K, reserved 1048576K
}

Deoptimization events (10 events):
Event: 39.314 Thread 0x0000000018571800 Uncommon trap: reason=unstable_if action=reinterpret pc=0x000000000305ec70 method=java.io.DataInputStream.readUTF(Ljava/io/DataInput;)Ljava/lang/String; @ 31
Event: 42.214 Thread 0x0000000018571800 Uncommon trap: reason=unstable_if action=reinterpret pc=0x000000000302ee90 method=java.util.WeakHashMap.remove(Ljava/lang/Object;)Ljava/lang/Object; @ 94
Event: 42.392 Thread 0x0000000018571800 Uncommon trap: reason=unstable_if action=reinterpret pc=0x00000000030bdc68 method=java.util.regex.Pattern$BmpCharProperty.match(Ljava/util/regex/Matcher;ILjava/lang/CharSequence;)Z @ 34
Event: 43.760 Thread 0x0000000018571800 Uncommon trap: reason=unstable_if action=reinterpret pc=0x0000000003877508 method=com.sun.org.apache.xerces.internal.impl.io.UTF8Reader.read([CII)I @ 131
Event: 43.763 Thread 0x0000000018571800 Uncommon trap: reason=unstable_if action=reinterpret pc=0x0000000003865fe8 method=com.sun.org.apache.xerces.internal.impl.io.UTF8Reader.read([CII)I @ 131
Event: 43.765 Thread 0x0000000018571800 Uncommon trap: reason=unstable_if action=reinterpret pc=0x000000000358d738 method=java.util.regex.Pattern$BitClass.isSatisfiedBy(I)Z @ 4
Event: 43.765 Thread 0x0000000018571800 Uncommon trap: reason=unstable_if action=reinterpret pc=0x000000000382538c method=java.util.regex.Pattern$Ctype.isSatisfiedBy(I)Z @ 4
Event: 44.332 Thread 0x0000000018571800 Uncommon trap: reason=unstable_if action=reinterpret pc=0x000000000381eef4 method=com.sun.org.apache.xerces.internal.impl.XMLEntityScanner.checkBeforeLoad(Lcom/sun/xml/internal/stream/Entity$ScannedEntity;II)I @ 18
Event: 44.348 Thread 0x0000000018571800 Uncommon trap: reason=unstable_if action=reinterpret pc=0x0000000003858d58 method=com.sun.org.apache.xerces.internal.impl.XMLEntityScanner.scanContent(Lcom/sun/org/apache/xerces/internal/xni/XMLString;)I @ 44
Event: 47.215 Thread 0x0000000018571800 Uncommon trap: reason=unstable_if action=reinterpret pc=0x000000000307f8a4 method=java.lang.String.lastIndexOf([CII[CIII)I @ 17

Classes redefined (0 events):
No events

Internal exceptions (10 events):
Event: 44.077 Thread 0x0000000018571800 Exception <a 'sun/nio/fs/WindowsException'> (0x00000000e2219840) thrown at [D:\src\AOSP-openjdk-cygwin\jdk8u\hotspot\src\share\vm\prims\jni.cpp, line 709]
Event: 44.078 Thread 0x0000000018571800 Exception <a 'sun/nio/fs/WindowsException'> (0x00000000e221d6d0) thrown at [D:\src\AOSP-openjdk-cygwin\jdk8u\hotspot\src\share\vm\prims\jni.cpp, line 709]
Event: 44.078 Thread 0x0000000018571800 Exception <a 'sun/nio/fs/WindowsException'> (0x00000000e221e578) thrown at [D:\src\AOSP-openjdk-cygwin\jdk8u\hotspot\src\share\vm\prims\jni.cpp, line 709]
Event: 44.078 Thread 0x0000000018571800 Exception <a 'sun/nio/fs/WindowsException'> (0x00000000e2220838) thrown at [D:\src\AOSP-openjdk-cygwin\jdk8u\hotspot\src\share\vm\prims\jni.cpp, line 709]
Event: 44.078 Thread 0x0000000018571800 Exception <a 'sun/nio/fs/WindowsException'> (0x00000000e2221718) thrown at [D:\src\AOSP-openjdk-cygwin\jdk8u\hotspot\src\share\vm\prims\jni.cpp, line 709]
Event: 44.478 Thread 0x0000000018571800 Exception <a 'java/lang/NoSuchMethodError': java.lang.Object.lambda$comparing$77a9974f$1(Ljava/util/function/Function;Ljava/lang/Object;Ljava/lang/Object;)I> (0x00000000e23d7d48) thrown at [D:\src\AOSP-openjdk-cygwin\jdk8u\hotspot\src\share\vm\interpreter
Event: 44.479 Thread 0x0000000018571800 Exception <a 'java/lang/NoSuchMethodError': java.lang.Object.lambda$thenComparing$36697e65$1(Ljava/util/Comparator;Ljava/lang/Object;Ljava/lang/Object;)I> (0x00000000e23e35d8) thrown at [D:\src\AOSP-openjdk-cygwin\jdk8u\hotspot\src\share\vm\interpreter\li
Event: 44.749 Thread 0x0000000018571800 Exception <a 'java/lang/NoSuchMethodError': java.lang.Object.lambda$maxBy$1(Ljava/util/Comparator;Ljava/lang/Object;Ljava/lang/Object;)Ljava/lang/Object;> (0x00000000e25529a8) thrown at [D:\src\AOSP-openjdk-cygwin\jdk8u\hotspot\src\share\vm\interpreter\li
Event: 45.947 Thread 0x0000000018571800 Exception <a 'java/lang/ClassNotFoundException': org/gradle/api/plugins/BasePluginConventionBeanInfo> (0x00000000e2bab4f0) thrown at [D:\src\AOSP-openjdk-cygwin\jdk8u\hotspot\src\share\vm\classfile\systemDictionary.cpp, line 210]
Event: 45.947 Thread 0x0000000018571800 Exception <a 'java/lang/ClassNotFoundException': org/gradle/api/plugins/BasePluginConventionCustomizer> (0x00000000e2bd2468) thrown at [D:\src\AOSP-openjdk-cygwin\jdk8u\hotspot\src\share\vm\classfile\systemDictionary.cpp, line 210]

Events (10 events):
Event: 50.662 loading class com/android/builder/testing/TestRunner
Event: 50.662 loading class com/android/builder/testing/TestRunner done
Event: 50.664 loading class com/android/ddmlib/Log$ILogOutput
Event: 50.664 loading class com/android/ddmlib/Log$ILogOutput done
Event: 50.669 loading class com/android/builder/testing/api/DeviceException
Event: 50.669 loading class com/android/builder/testing/api/DeviceException done
Event: 50.670 loading class com/android/build/gradle/internal/tasks/DeviceProviderInstrumentTestTask
Event: 50.670 loading class com/android/build/gradle/internal/tasks/DeviceProviderInstrumentTestTask done
Event: 50.671 loading class com/android/build/gradle/internal/tasks/AndroidTestTask
Event: 50.671 loading class com/android/build/gradle/internal/tasks/AndroidTestTask done


Dynamic libraries:
0x00007ff77d8d0000 - 0x00007ff77d901000 	C:\Program Files\Android\Android Studio\jre\bin\java.exe
0x00007ffe65d90000 - 0x00007ffe65f71000 	C:\WINDOWS\SYSTEM32\ntdll.dll
0x00007ffe4a400000 - 0x00007ffe4a412000 	C:\Program Files\AVAST Software\Avast\aswhook.dll
0x00007ffe65850000 - 0x00007ffe65902000 	C:\WINDOWS\System32\KERNEL32.DLL
0x00007ffe62e10000 - 0x00007ffe63083000 	C:\WINDOWS\System32\KERNELBASE.dll
0x00007ffe647c0000 - 0x00007ffe64861000 	C:\WINDOWS\System32\ADVAPI32.dll
0x00007ffe64ba0000 - 0x00007ffe64c3e000 	C:\WINDOWS\System32\msvcrt.dll
0x00007ffe657f0000 - 0x00007ffe6584b000 	C:\WINDOWS\System32\sechost.dll
0x00007ffe63220000 - 0x00007ffe63344000 	C:\WINDOWS\System32\RPCRT4.dll
0x00007ffe64db0000 - 0x00007ffe64f40000 	C:\WINDOWS\System32\USER32.dll
0x00007ffe63130000 - 0x00007ffe63150000 	C:\WINDOWS\System32\win32u.dll
0x00007ffe65130000 - 0x00007ffe65158000 	C:\WINDOWS\System32\GDI32.dll
0x00007ffe62b70000 - 0x00007ffe62d02000 	C:\WINDOWS\System32\gdi32full.dll
0x00007ffe63090000 - 0x00007ffe6312f000 	C:\WINDOWS\System32\msvcp_win.dll
0x00007ffe62d10000 - 0x00007ffe62e08000 	C:\WINDOWS\System32\ucrtbase.dll
0x00007ffe57960000 - 0x00007ffe57bc9000 	C:\WINDOWS\WinSxS\amd64_microsoft.windows.common-controls_6595b64144ccf1df_6.0.17134.648_none_fb45a0e93062a6d2\COMCTL32.dll
0x00007ffe64870000 - 0x00007ffe64b92000 	C:\WINDOWS\System32\combase.dll
0x00007ffe631a0000 - 0x00007ffe6321a000 	C:\WINDOWS\System32\bcryptPrimitives.dll
0x00007ffe65560000 - 0x00007ffe6558d000 	C:\WINDOWS\System32\IMM32.DLL
0x00000000688f0000 - 0x00000000689c2000 	C:\Program Files\Android\Android Studio\jre\jre\bin\msvcr100.dll
0x0000000067bd0000 - 0x0000000068411000 	C:\Program Files\Android\Android Studio\jre\jre\bin\server\jvm.dll
0x00007ffe64cc0000 - 0x00007ffe64cc8000 	C:\WINDOWS\System32\PSAPI.DLL
0x00007ffe525c0000 - 0x00007ffe525c9000 	C:\WINDOWS\SYSTEM32\WSOCK32.dll
0x00007ffe64f40000 - 0x00007ffe64fac000 	C:\WINDOWS\System32\WS2_32.dll
0x00007ffe5fa00000 - 0x00007ffe5fa23000 	C:\WINDOWS\SYSTEM32\WINMM.dll
0x00007ffe5aab0000 - 0x00007ffe5aaba000 	C:\WINDOWS\SYSTEM32\VERSION.dll
0x00007ffe5f9d0000 - 0x00007ffe5f9fa000 	C:\WINDOWS\SYSTEM32\WINMMBASE.dll
0x00007ffe63150000 - 0x00007ffe63199000 	C:\WINDOWS\System32\cfgmgr32.dll
0x00007ffe59810000 - 0x00007ffe5981f000 	C:\Program Files\Android\Android Studio\jre\jre\bin\verify.dll
0x00007ffe57840000 - 0x00007ffe57869000 	C:\Program Files\Android\Android Studio\jre\jre\bin\java.dll
0x00007ffe55250000 - 0x00007ffe55266000 	C:\Program Files\Android\Android Studio\jre\jre\bin\zip.dll
0x00007ffe63380000 - 0x00007ffe647c0000 	C:\WINDOWS\System32\SHELL32.dll
0x00007ffe65260000 - 0x00007ffe65309000 	C:\WINDOWS\System32\shcore.dll
0x00007ffe623b0000 - 0x00007ffe62abd000 	C:\WINDOWS\System32\windows.storage.dll
0x00007ffe65730000 - 0x00007ffe65781000 	C:\WINDOWS\System32\shlwapi.dll
0x00007ffe62140000 - 0x00007ffe62151000 	C:\WINDOWS\System32\kernel.appcore.dll
0x00007ffe620d0000 - 0x00007ffe620ef000 	C:\WINDOWS\System32\profapi.dll
0x00007ffe620f0000 - 0x00007ffe6213c000 	C:\WINDOWS\System32\powrprof.dll
0x00007ffe620c0000 - 0x00007ffe620ca000 	C:\WINDOWS\System32\FLTLIB.DLL
0x00007ffe59b00000 - 0x00007ffe59b1a000 	C:\Program Files\Android\Android Studio\jre\jre\bin\net.dll
0x00007ffe61920000 - 0x00007ffe61986000 	C:\WINDOWS\system32\mswsock.dll
0x00007ffe5ba20000 - 0x00007ffe5ba31000 	C:\Program Files\Android\Android Studio\jre\jre\bin\nio.dll
0x00007ffe5b740000 - 0x00007ffe5b75e000 	C:\Users\juanc\.gradle\native\25\windows-amd64\native-platform.dll
0x00007ffe5ee30000 - 0x00007ffe5ee3d000 	C:\Program Files\Android\Android Studio\jre\jre\bin\management.dll
0x00007ffe61ae0000 - 0x00007ffe61af7000 	C:\WINDOWS\SYSTEM32\CRYPTSP.dll
0x00007ffe61500000 - 0x00007ffe61533000 	C:\WINDOWS\system32\rsaenh.dll
0x00007ffe61c00000 - 0x00007ffe61c25000 	C:\WINDOWS\SYSTEM32\bcrypt.dll
0x00007ffe61fd0000 - 0x00007ffe61ff8000 	C:\WINDOWS\SYSTEM32\USERENV.dll
0x00007ffe61ad0000 - 0x00007ffe61adb000 	C:\WINDOWS\SYSTEM32\CRYPTBASE.dll
0x00007ffe616a0000 - 0x00007ffe616d8000 	C:\WINDOWS\SYSTEM32\IPHLPAPI.DLL
0x00007ffe63370000 - 0x00007ffe63378000 	C:\WINDOWS\System32\NSI.dll
0x00007ffe5bff0000 - 0x00007ffe5c006000 	C:\WINDOWS\SYSTEM32\dhcpcsvc6.DLL
0x00007ffe5bfd0000 - 0x00007ffe5bfea000 	C:\WINDOWS\SYSTEM32\dhcpcsvc.DLL

VM Arguments:
jvm_args: -Xmx1536m -Dfile.encoding=windows-1252 -Duser.country=CO -Duser.language=es -Duser.variant 
java_command: org.gradle.launcher.daemon.bootstrap.GradleDaemon 4.10.1
java_class_path (initial): C:\Users\juanc\.gradle\wrapper\dists\gradle-4.10.1-all\455itskqi2qtf0v2sja68alqd\gradle-4.10.1\lib\gradle-launcher-4.10.1.jar
Launcher Type: SUN_STANDARD

Environment Variables:
PATH=C:\Program Files (x86)\Common Files\Oracle\Java\javapath;C:\WINDOWS\system32;C:\WINDOWS;C:\WINDOWS\System32\Wbem;C:\WINDOWS\System32\WindowsPowerShell\v1.0\;C:\WINDOWS\System32\OpenSSH\;C:\Program Files\nodejs\;C:\Program Files\Git\cmd;C:\Program Files\dotnet\;C:\Program Files\Microsoft SQL Server\130\Tools\Binn\;C:\Users\juanc\AppData\Local\Microsoft\WindowsApps;C:\Users\juanc\AppData\Roaming\npm
USERNAME=juanc
OS=Windows_NT
PROCESSOR_IDENTIFIER=Intel64 Family 6 Model 142 Stepping 9, GenuineIntel



---------------  S Y S T E M  ---------------

OS: Windows 10.0 , 64 bit Build 17134 (10.0.17134.648)

CPU:total 4 (initial active 4) (2 cores per cpu, 2 threads per core) family 6 model 142 stepping 9, cmov, cx8, fxsr, mmx, sse, sse2, sse3, ssse3, sse4.1, sse4.2, popcnt, avx, avx2, aes, clmul, erms, 3dnowpref, lzcnt, ht, tsc, tscinvbit, bmi1, bmi2, adx

Memory: 4k page, physical 8267184k(891652k free), swap 8267184k(1300k free)

vm_info: OpenJDK 64-Bit Server VM (25.152-b01) for windows-amd64 JRE (1.8.0_152-release-1248-b01), built by "builder" with MS VC++ 10.0 (VS2010)

time: Wed Mar 27 17:59:25 2019
elapsed time: 50 seconds (0d 0h 0m 50s)

